<?xml version="1.0" encoding="UTF-8"?>
<!-- Generated by org.testng.reporters.JUnitReportReporter -->
<testsuite name="TestNG.VerifyTitle" tests="3" time="35.554" ignored="0" failures="0" timestamp="04 Mar 2017 21:51:25 GMT" skipped="0" hostname="DESKTOP-DSM3BH7" errors="0">
  <testcase name="verifyPageTitle" time="5.216" classname="TestNG.VerifyTitle"/>
  <testcase name="verifyPageTitle" time="17.383" classname="TestNG.VerifyTitle"/>
  <testcase name="verifyPageTitle" time="12.955" classname="TestNG.VerifyTitle"/>
</testsuite> <!-- TestNG.VerifyTitle -->
