<?xml version="1.0" encoding="UTF-8"?>
<!-- Generated by org.testng.reporters.JUnitReportReporter -->
<testsuite name="TestNG.Group_Example" tests="2" time="0.033" ignored="1" failures="0" timestamp="07 Mar 2017 15:03:57 GMT" skipped="0" hostname="DESKTOP-DSM3BH7" errors="0">
  <testcase name="Miscellenious" time="0.033" classname="TestNG.Group_Example"/>
  <testcase name="login" time="0.000" classname="TestNG.Group_Example"/>
  <testcase name="register" classname="TestNG.Group_Example">
    <skipped/>
  </testcase> <!-- register -->
</testsuite> <!-- TestNG.Group_Example -->
