<?xml version="1.0" encoding="UTF-8"?>
<!-- Generated by org.testng.reporters.JUnitReportReporter -->
<testsuite name="Module3.Event_Listener" tests="1" time="12.906" ignored="0" failures="0" timestamp="03 Mar 2017 17:49:39 GMT" skipped="0" hostname="DESKTOP-DSM3BH7" errors="0">
  <testcase name="Event_Method" time="12.906" classname="Module3.Event_Listener"/>
</testsuite> <!-- Module3.Event_Listener -->
