<?xml version="1.0" encoding="UTF-8"?>
<!-- Generated by org.testng.reporters.JUnitReportReporter -->
<testsuite name="Module2.FileUpload_Robot" tests="1" time="32.090" ignored="0" failures="0" timestamp="01 Mar 2017 19:39:36 GMT" skipped="0" hostname="DESKTOP-DSM3BH7" errors="0">
  <testcase name="Fileupload" time="32.090" classname="Module2.FileUpload_Robot"/>
</testsuite> <!-- Module2.FileUpload_Robot -->
