<?xml version="1.0" encoding="UTF-8"?>
<!-- Generated by org.testng.reporters.JUnitReportReporter -->
<testsuite name="TestNG.Reporter_Exaple" tests="1" time="10.417" ignored="0" failures="0" timestamp="04 Mar 2017 21:39:42 GMT" skipped="0" hostname="DESKTOP-DSM3BH7" errors="0">
  <testcase name="verifyPageTitle" time="10.417" classname="TestNG.Reporter_Exaple"/>
</testsuite> <!-- TestNG.Reporter_Exaple -->
