<?xml version="1.0" encoding="UTF-8"?>
<!-- Generated by org.testng.reporters.JUnitReportReporter -->
<testsuite name="Module2.TestRightClick" tests="1" time="9.437" ignored="0" failures="0" timestamp="21 Mar 2017 15:36:28 GMT" skipped="0" hostname="DESKTOP-DSM3BH7" errors="0">
  <testcase name="TestClick" time="9.437" classname="Module2.TestRightClick"/>
</testsuite> <!-- Module2.TestRightClick -->
